U2FsdGVkX18aO0zumHgwAJAjsxcB7Vzy1v9hNbeqr+Bq5b/a/jEp2pZaYaqCwSQ0
w+thCxEiPN7LIls/aKEFIcv8yex8TI3t2/GEnjDqIeZ4nt7AC9qNhqAhTV0DYgrB
VokDGAYw2tdL+1GVr1ZpMQPR1O5dpeenYtgztko9udtPeS9djcuzUWtdUwMTUsMf
SpLMNxq4a31j/5htsqT4hbW+lsf0Gv/Y4KMrDKQxFVejct2SQkXAImKbpXoaZYw1
L5Rl9EYvEuK0cr+2yS40jQ9gDX6BKEqXKSDrGpFuVUadWNXvhUA62p7QsWAg7w93
CEDbYrs0pVEocZSwQOsB3tnu8YGPoWu9dAEm9+rLK3G/MOUAxvS2Uqvn8qdlRzea
3qgpRuMJUmCRATn1Jku0/eRwEFo6rF/oY+TXpUblyyND45qf+7kDLMTgslLdBfA8
DdenioLaaW/PS+A3sh1IK0K44RVjTx5AdnGCruQZ1jFrgtPC/q0Teus2p/fJLBVU
D90NC6pgtyo2XlSGAOaExcqOGgUpe2TrQT07+mXEYbYP6sjBdtRe2V1B8k7+CUFN
99ZFb12CAC2VG4dCeEz75IWTVbsVMP46s9Hb9cK+RDjVu/MYyawSFItcjT5JCiPA
roiwyaAGrbwBdXjR0Gv67rNV5I9NPpPluI1XxznKwfbEvZQ9PmN4oEWQcz8ceqHi
DMM7CTN/SG0H/tWjeeh7mQjN6vqhYVQyECHh+GMrA5iVqbLxJ8kCI7aPmvkgLQIy
pFTjMcBtsZkgrGu8y++6cbPM33mjDSZzQM0dIfZ/BrUS9T3GSuVB+3SD/+5189dI
94LJZSDeD+PjJbmoETya8ghLCpCKA1DNTZ0HklmZJXySjBoLkB8a0TO+OIYWsoLd
Tnp0mIDlAq8PQ0Xz7ApFRppecLfvrFJuOcDrGi1vwU7ieZlPgR6x1UGOucKTbzvJ
LMKxZX+c69vuEOSst7bUVkpyoOPEQjQkBST9EgV9LsyEwM2ocoVB+uS2i0FT9UiT
O5eJF8o2yMKfAEvb5kgvOr3FIV3u24CjAzy4sxh5fbH8t+PNo+1u0JHasU6S0rjn
yfevNWwFaxEkb/A8VznLqOHOZ5qeyaT6naPF+2FIYnYrWiHktwUz0SITOquhrJy9
Ep0Ahp0UpdZ/k1MX/T7YWs7w+b7eLtNBIs+7/uOg7Q28w8DJL+UNk9fAGDs7x235
q86jMOK7mYNhYgC7CipnmCoZPG7hX9CCV6+hxXnF8y5paYS+Lw7hPaFEr/IgBsTe
GLiq+SYOaU22wnsY3kef4FhO2TXXtQS4KOKJ0Sh/RM3aPlT6LksN9CiRII6Lz25r
r7F3HWvLDRAjobI05L7R61lcrwr9aMHZMi5BxpjCUS1lZbZDI6vAMopl86dd3NVZ
iI8jMIxDxBw/fmORYcyrvlE0UP1uSc4HRshO9XyBsgxPcw5asLBbiK6hUvhar7jG
WrBnaVbciz7DnDqdgQl6KKvA9rocxry4Sjdi4f+Q1uZfYZwEDYm5j9G4v2s07/iP
ew5uikkI/M8sTSpCPBQGt5IvlEqrFNQgRO8BOJjJlxOrKjXMGZXohcRveagveJSn
p+k2Sw9ctsSNRuGOJs82IBiAbgXQRulLL/etPV+oSBDDYrWEB7wyCk0LTPwreZLj
P8zYsjrHIZU2J7u/x2aZrBpGOxwC6eEKBk3zEJeX02tT9lRfhjVRA0vK4NdUPPYi
shZuOgooTcPSdOZnVKmrxpbSsJLPA64h853a/nOOGtyKUL34awWFjWcxpr0yXFFP
EGtvdky/7Jc7bWrHi/gEpajucvz+PGpQliH9DCTiK4nE+X0h1Y+Q6frhO8mL0oZS
fzLzhjd6dN+KSqlD302w+iK5Klj3El1E1EtPOHaiQYsIPYAYUSa6uKpdXni1ErTb
TRepY4cvT950a7xfLhevx51kNEl9gldx9TFGO6ILUOSa9an072iZ8eXmBUMk2iqN
5KaSJa+2Ck3L2tND3txev7vRF5RJc0TdsczQDXrE4y+70ReUSXNE3bHM0A16xOMv
u9EXlElzRN2xzNANesTjL7vRF5RJc0TdsczQDXrE4y+70ReUSXNE3bHM0A16xOMv
u9EXlElzRN2xzNANesTjL7vRF5RJc0TdsczQDXrE4y+70ReUSXNE3bHM0A16xOMv
u9EXlElzRN2xzNANesTjL7vRF5RJc0TdsczQDXrE4y+70ReUSXNE3bHM0A16xOMv
u9EXlElzRN2xzNANesTjL7vRF5RJc0TdsczQDXrE4y+70ReUSXNE3bHM0A16xOMv
u9EXlElzRN2xzNANesTjL7vRF5RJc0TdsczQDXrE4y+70ReUSXNE3bHM0A16xOMv
u9EXlElzRN2xzNANesTjL7vRF5RJc0TdsczQDXrE4y+70ReUSXNE3bHM0A16xOMv
u9EXlElzRN2xzNANesTjL7vRF5RJc0TdsczQDXrE4y+70ReUSXNE3bHM0A16xOMv
u9EXlElzRN2xzNANesTjL7vRF5RJc0TdsczQDXrE4y+70ReUSXNE3bHM0A16xOMv
u9EXlElzRN2xzNANesTjL7vRF5RJc0TdsczQDXrE4y+70ReUSXNE3bHM0A16xOMv
u9EXlElzRN2xzNANesTjL7vRF5RJc0TdsczQDXrE4y+70ReUSXNE3bHM0A16xOMv
u9EXlElzRN2xzNANesTjL7vRF5RJc0TdsczQDXrE4y+70ReUSXNE3bHM0A16xOMv
u9EXlElzRN2xzNANesTjL7vRF5RJc0TdsczQDXrE4y+70ReUSXNE3bHM0A16xOMv
u9EXlElzRN2xzNANesTjL7vRF5RJc0TdsczQDXrE4y+70ReUSXNE3bHM0A16xOMv
u9EXlElzRN2xzNANesTjL7vRF5RJc0TdsczQDXrE4y+70ReUSXNE3bHM0A16xOMv
u9EXlElzRN2xzNANesTjL7vRF5RJc0TdsczQDXrE4y+70ReUSXNE3bHM0A16xOMv
u9EXlElzRN2xzNANesTjL7vRF5RJc0TdsczQDXrE4y+70ReUSXNE3bHM0A16xOMv
u9EXlElzRN2xzNANesTjL7vRF5RJc0TdsczQDXrE4y+70ReUSXNE3bHM0A16xOMv
u9EXlElzRN2xzNANesTjL7vRF5RJc0TdsczQDXrE4y+70ReUSXNE3bHM0A16xOMv
u9EXlElzRN2xzNANesTjL7vRF5RJc0TdsczQDXrE4y+70ReUSXNE3bHM0A16xOMv
u9EXlElzRN2xzNANesTjL7vRF5RJc0TdsczQDXrE4y+70ReUSXNE3bHM0A16xOMv
u9EXlElzRN2xzNANesTjL7vRF5RJc0TdsczQDXrE4y+70ReUSXNE3bHM0A16xOMv
u9EXlElzRN2xzNANesTjL7vRF5RJc0TdsczQDXrE4y+70ReUSXNE3bHM0A16xOMv
u9EXlElzRN2xzNANesTjL7vRF5RJc0TdsczQDXrE4y+70ReUSXNE3bHM0A16xOMv
u9EXlElzRN2xzNANesTjL7vRF5RJc0TdsczQDXrE4y+70ReUSXNE3bHM0A16xOMv
u9EXlElzRN2xzNANesTjL7vRF5RJc0TdsczQDXrE4y+70ReUSXNE3bHM0A16xOMv
u9EXlElzRN2xzNANesTjL7vRF5RJc0TdsczQDXrE4y+70ReUSXNE3bHM0A16xOMv
u9EXlElzRN2xzNANesTjL7vRF5RJc0TdsczQDXrE4y+70ReUSXNE3bHM0A16xOMv
u9EXlElzRN2xzNANesTjL7vRF5RJc0TdsczQDXrE4y+70ReUSXNE3bHM0A16xOMv
u9EXlElzRN2xzNANesTjL7vRF5RJc0TdsczQDXrE4y+70ReUSXNE3bHM0A16xOMv
u9EXlElzRN2xzNANesTjL7vRF5RJc0TdsczQDXrE4y+70ReUSXNE3bHM0A16xOMv
u9EXlElzRN2xzNANesTjL7vRF5RJc0TdsczQDXrE4y+70ReUSXNE3bHM0A16xOMv
u9EXlElzRN2xzNANesTjL7vRF5RJc0TdsczQDXrE4y+70ReUSXNE3bHM0A16xOMv
u9EXlElzRN2xzNANesTjL7vRF5RJc0TdsczQDXrE4y+70ReUSXNE3bHM0A16xOMv
u9EXlElzRN2xzNANesTjL7vRF5RJc0TdsczQDXrE4y+70ReUSXNE3bHM0A16xOMv
u9EXlElzRN2xzNANesTjL7vRF5RJc0TdsczQDXrE4y+70ReUSXNE3bHM0A16xOMv
u9EXlElzRN2xzNANesTjL7vRF5RJc0TdsczQDXrE4y+70ReUSXNE3bHM0A16xOMv
u9EXlElzRN2xzNANesTjL7vRF5RJc0TdsczQDXrE4y+70ReUSXNE3bHM0A16xOMv
u9EXlElzRN2xzNANesTjL7vRF5RJc0TdsczQDXrE4y+70ReUSXNE3bHM0A16xOMv
u9EXlElzRN2xzNANesTjL7vRF5RJc0TdsczQDXrE4y+70ReUSXNE3bHM0A16xOMv
u9EXlElzRN2xzNANesTjL7vRF5RJc0TdsczQDXrE4y+70ReUSXNE3bHM0A16xOMv
u9EXlElzRN2xzNANesTjL7vRF5RJc0TdsczQDXrE4y+70ReUSXNE3bHM0A16xOMv
u9EXlElzRN2xzNANesTjL7vRF5RJc0TdsczQDXrE4y+70ReUSXNE3bHM0A16xOMv
u9EXlElzRN2xzNANesTjL7vRF5RJc0TdsczQDXrE4y+70ReUSXNE3bHM0A16xOMv
u9EXlElzRN2xzNANesTjL7vRF5RJc0TdsczQDXrE4y+70ReUSXNE3bHM0A16xOMv
u9EXlElzRN2xzNANesTjL7vRF5RJc0TdsczQDXrE4y+70ReUSXNE3bHM0A16xOMv
u9EXlElzRN2xzNANesTjL7vRF5RJc0TdsczQDXrE4y+70ReUSXNE3bHM0A16xOMv
u9EXlElzRN2xzNANesTjL7vRF5RJc0TdsczQDXrE4y+70ReUSXNE3bHM0A16xOMv
u9EXlElzRN2xzNANesTjL7vRF5RJc0TdsczQDXrE4y+70ReUSXNE3bHM0A16xOMv
u9EXlElzRN2xzNANesTjL7vRF5RJc0TdsczQDXrE4y8EVW82ddgI5t6iMyXVqSTw
ARY0tSJv+pEkNG5PkJQfbWg3XP6M0RQ7HPtjXfC7QJBe5e/rCAepQ99soPkQsMIV
HkB7mk3sz/dATm+m0YGV0CMcsnAVNyuhQOk9XBW1fFZ24fHM6CNftu8GsBmtfwKG
PweCPF65uYwwPz5FJr3WlZeYJdBILDgtIScXeiVzWkq7WitKH1uHqkhgFBCgpreB
EgDyHHEn6SP+dh7AwfJKG7vRF5RJc0TdsczQDXrE4y+70ReUSXNE3bHM0A16xOMv
u9EXlElzRN2xzNANesTjLx/OpSv4KwoeoxKTGkurgpghyRbHJii8cWMDmXH7veQ2
cahXC20D3K33rHwl2A+X4Fn/FsE23A8oCkv67xfTFh2dDpio9kSrsB9KjfRVaxjf
iRyUTW5+Ij1SApkWdAPz/JFtN9vukkNEpFzbRyuSrcKs4KhYI7yuFW47tb8+zEn2
if4ExPSxINJWwnBwn/6IWYWrz/KD8KNrRemWorka+ydcJ8sWOmMjldlZIcT3Zp2B
VVX4I852NqJ1rMEyjn3pX7iuKUqxJpEOC9fobglTj04VH4IsNE2CSVjOjMhIgous
b8tMmgWLu4aC7XFWN4OsjlBlp6zDxJO7r7RFKOvc/FtI98F1wgGxIS0NcfZXzaeW
/rL1TgSoDfRiX4Wsfkeh68xZWuEPxlXla+RfPLnB8BDHKV/l4a39QsOqzwIBDCf4
tnxoZXa1xcR+l8n+OCQ2Z7vRF5RJc0TdsczQDXrE4y+70ReUSXNE3bHM0A16xOMv
6tArMQ7LY9I4gP1rMWG+iZgcsrEsQr4981W9GFrys0SsMsnQNUODv44uDkdflsp6
uCLe8AuyPv0wsHM9EWtpsbMYhSF2/ug1n0t4/Net6bZVs1e4afOknEU9lyVZxVpx
P78duYkDv9yXNTZoJk7QL2zhbnwBcpdl+31Hbxe+ZiWjgQm28pP92SrOyjFKbEMA
sRau8KWwi39rIybScAKNvAX2p0COPHAFMJljUVxgiSmgAvxqaG0GSIqPjq9V7X1L
1xDIwgl2uyfSDUu0jLK4xDi9INaGs0mYe68qQ4E5OmdrpsxXpE1ivNj17vTD2v6c
1t3jkZveOf4FsGsmMVCFOwewYpdNHQ1hwSa22m5MPzng6w+Owd/YxZMUCv/Lxcb2
ucMufA1Y62oRGDRjDF/t16gse/85haklHYcl7APbM8Hbed5i/wKYlmt95Oet9jj1
vodtsoc6h9ZL45f1wNta69NWkDWrJTp+mCylKkGZeyJ8FHyxhqh8rQ2UtyYBG0m3
yn23WPWr8wXCGEFpumfI7hwIfcA9ulXaiKlm+tY5R4qE4G0ofT8tPA1Od8/s2xm6
kqtaqsMDwMEtdCt/5ZLweQ00mZZqu3fIY2rrFiEn1wtOe0S4rzUhFlPmZpLKnEx7
DeZQlTd61Vss+h0XMpipKTzJdrlNT6f2jUeKvotlK5ktzvfVIPti0kykyR0Oq0jT
B6TMEiMtrjwtmldN5cKgpvGa1eb2m6o29Qt6BiF5M4xxraLKI0cTHaw116haUiYp
1ugvvIq/JHxy8ZhMINmSFD+nXnFt0W00FVoGqpwKn9hbFka+oNUrPzi/hAbpYhrt
6+1gX/fs1+94NUkl368vDbMuYyDEzqh1jLLcjahub2bLe5JvEu7rL4ypiH6egLRB
urPcAn+H4U1gvYyjLz2mEgAv3gEq8vwlzkfHBwFKKBmcbV+pzNcE1yEussaSZ57b
8QY9JbbguEvlmPiNIVaQ5/QZlATWxIZ95zIos5E5nQfrfCHVksjfn0TCC6xqryXc
lnVVbJHCrrxR9fPW/GAufT61o6Pmoq13hCsopKE62N+3Nicg1HDBvEwCCFZkSQ2D
e66PKldwAjkQtrpReQtWAGRmndB0ud8+EsVl7oKvrZe9n2j/+b80zyvez0QZhDW8
PrWjo+airXeEKyikoTrY38XRLl4y7UikOC77EB5MqP7PETT8luFJJ9G6yAtQnOMz
gBuXwEXDY/BNQt64BmOMFsgaZeKzl47iVE5orIe+786cbV+pzNcE1yEussaSZ57b
yBCV1GjWWlOcGsxK3dKHLfXJCJo3DRu2M6z7sGBl+rENTpJk7728zH4bQ0VYS0Yk
yjbyKYwvyby+vwYXsjl3wGIjohpldbg3OUMhrQ/5iYQ0OpSEUsAsVbAQe6hJuvpG
D9NLb4eKLt7hpBFHsBW6HT+kbTawvYZvT20Rxb9kAO0t67VR/sHF/1oNPoV6li/J
NeZb2pYyb7EuVWfQiNXR31PQrBnXsda2m46vPJWKGdwRjgiULwikmHgpwo7XBVzx
60EIA23Zoelt8qj/FK/0qrvRF5RJc0TdsczQDXrE4y+c+kdGX4MBZf3Wdcz4Gd4D
bjA3F3/EUFTPsRQbqrB/y6+ibhuhpmrf15A7r5karcINjrBJZQwb5FW/PKfdEzPC
ZaMtbwyao7g3fcoeTzvhxGdIdqnLTHvDbUg6ffgafo44hDkpqFuVnRNim5eTti69
NryZGsWy1Tgt48Q2JoAGFmPLL7TwYkxjrgi/USBfOOKkZz36jtVqBSC/H6GgaDwN
WmfJ93LfySY1oDBqjHujeC2SrR9IJhbs5F8t4VjrbofFJOqzTqr6JGRZ1p9qNNCz
l4PGsW7Gu+0xya1REPJAQQ/4nkc4SorjsC03Gjy8Sm27QMXT4Lq1G2Wb/jZckLCr
1HYFIAY9dnwHVM6jFK7Ep6zM7ZY19/PPat9bBq7j257NWXNEADQllx/q2NiSpc8i
zGMQH4o3pB7QrttL1b2yVwjU/qfwbdaVaJAcVAysETGY1NSbjD6Xf66JcMz9URgT
FEKiZE9ODVbjaQ+RUfuBCfN5Ay18H2CER/VmRVkQyytig92iygWk0KgOmuK3FQ24
lVav1YlYxaZn4tJi2cUV4d/Ko1/oOCxlAhXliWiAL136vtoboIeIHik3OJYkve2U
lWB0jj70XopGp7ZGNPASZCCNzPywbfQqu1hghuOPqoHaoT0fV6nekwqBfopZDQ0S
Xsb1S9avS1FpjW6KOOpwoXUwHzHe13nwm/XQHIM4LjK8vRGI+k4sWKbqY4GndTmF
WkEgIq0GnCEdzrpyy6MLazCMRvnncvZY+MFt5xxnjIB6CzoAkTobkOOfsvdsxbXm
oNiZLkAxIgl6Br0osHK/zpYmk5q8WvFMK8CpXn4PkyLNcWRd3lOvae1URXs0N63V
7YNpMa47wlOOtrA2zZnd6hV224xcQ5cb9/DcvacxUWmf6QIto+A+JLWFgJz+GnA0
t2PuXo85usv0XWARTkTa1Hg99sEcsOFDVR/aVnvY61X9nGnqmEshb7cAn0xRlvYQ
4ac+WJjo2lVHErCw2cAArYninRWQrCCU3PqwPNSUXlhsuKsfuQBexxla6TSD5y7X
omgQox0Gb0TVxTDPFE08Kaf8W2UhlNKir2Qv3/bweaSVK6v+PbKtiFn27KmOMrm4
+s2VtwNUVRQX+IxT8ho+x4ovoyOKKUGvDgAFNvxO4Lq9t1cofI9yMfwl7rQV3ySZ
GIuYWeUe+7GnyTaV4QnB9VeBTwCH5cial3o0fE+PQMgzZY+7V6UJr61G/I+AjGPc
LijvBfnKB6VAINWRBfj1PU36K/mj5G2davYNOAEGF8ZyjxJr5tSk0Sw02+MKGqtJ
mQavkTpF+pEtTSmaUSep38AKU99iYVPdfBnzCjPOcsas9AE6OuOp3cyjpM+k7o/j
2D3K8IAeKRxvetIrIyLNYHxhj4vq1LsTUqMuABNABv5/NVkKiCTOARxWSo/Ihw5E
TOPXWBYGYjYIYZxwg+J3ipihnqpmbwrwGs3Cs3vgYWNq+UR6NHAtH1R8mItWoxOk
t8SeTwsA8JVBJH3R1lQnHWqEQ5EIRGvfnZzO6uGx19k4rtwhZKF8R8N4FqVwLsiZ
B98oqHQ7kYMVAFQyl2YqMQTGRlLGI+SB2sQFjC2NoePdTlbRjnClaumqfmaainS+
PsTxfw04ecVXDFrRVbXNLA5NQ9/iCMa8nn+x7UMb6sxlx3IHBBxfj79AYGosE8fC
CTnxFyrhNNOo2R/UnndLntkxmQlxt+GOxH7kJuY/Pk0e27RIQN1hEI3EkioGcoWs
TpG3xiVYbnE2taOygE9RXz0gQKK0hUPLzmlabCaODzWCtOV6CI9vawNfcoKjXrXJ
bGxTfhBPjJcdz0KvzZy1jVFwOEVlbBJVbS6Etad5rrA4NOrrRmFVGou9ToyeStLs
3o0Nv6j8/1JVbTlQT32PfDWepYQFZCwVNDsT2KLhxg0wNKoVr2245us7sr2eskfg
xvTTV0oWB53RZMiZC7tCxEtA4KUH8GKoocS3Y1wcL2gsFW9Dr8W5Sfma7GaSMXXz
f+ULJMxA3ivyN+/e5QG/nmCt4jav69MOChzb0dqJTuI=
